[2021-02-14 21:02:43,325] DEBUG preRegister called. Server=com.sun.jmx.mbeanserver.JmxMBeanServer@66d3c617, name=log4j:logger=kafka.controller (kafka.controller)
[2021-02-14 21:03:04,927] DEBUG preRegister called. Server=com.sun.jmx.mbeanserver.JmxMBeanServer@66d3c617, name=log4j:logger=kafka.controller (kafka.controller)
[2021-02-14 21:04:37,953] DEBUG preRegister called. Server=com.sun.jmx.mbeanserver.JmxMBeanServer@66d3c617, name=log4j:logger=kafka.controller (kafka.controller)
[2021-02-14 21:06:32,013] DEBUG preRegister called. Server=com.sun.jmx.mbeanserver.JmxMBeanServer@66d3c617, name=log4j:logger=kafka.controller (kafka.controller)
[2021-02-14 21:07:21,993] DEBUG preRegister called. Server=com.sun.jmx.mbeanserver.JmxMBeanServer@66d3c617, name=log4j:logger=kafka.controller (kafka.controller)
[2021-02-14 21:11:14,248] DEBUG preRegister called. Server=com.sun.jmx.mbeanserver.JmxMBeanServer@66d3c617, name=log4j:logger=kafka.controller (kafka.controller)
[2021-02-14 21:11:30,709] INFO [ControllerEventThread controllerId=0] Starting (kafka.controller.ControllerEventManager$ControllerEventThread)
[2021-02-14 21:11:30,725] INFO [Controller id=0] 0 successfully elected as the controller. Epoch incremented to 6 and epoch zk version is now 6 (kafka.controller.KafkaController)
[2021-02-14 21:11:30,727] INFO [Controller id=0] Registering handlers (kafka.controller.KafkaController)
[2021-02-14 21:11:30,730] INFO [Controller id=0] Deleting log dir event notifications (kafka.controller.KafkaController)
[2021-02-14 21:11:30,732] INFO [Controller id=0] Deleting isr change notifications (kafka.controller.KafkaController)
[2021-02-14 21:11:30,734] INFO [Controller id=0] Initializing controller context (kafka.controller.KafkaController)
[2021-02-14 21:11:30,742] INFO [Controller id=0] Initialized broker epochs cache: HashMap(0 -> 371) (kafka.controller.KafkaController)
[2021-02-14 21:11:30,761] DEBUG [Controller id=0] Register BrokerModifications handler for Set(0) (kafka.controller.KafkaController)
[2021-02-14 21:11:30,815] DEBUG [Channel manager on controller 0]: Controller 0 trying to connect to broker 0 (kafka.controller.ControllerChannelManager)
[2021-02-14 21:11:30,821] INFO [RequestSendThread controllerId=0] Starting (kafka.controller.RequestSendThread)
[2021-02-14 21:11:30,823] INFO [Controller id=0] Currently active brokers in the cluster: Set(0) (kafka.controller.KafkaController)
[2021-02-14 21:11:30,823] INFO [Controller id=0] Currently shutting brokers in the cluster: HashSet() (kafka.controller.KafkaController)
[2021-02-14 21:11:30,824] INFO [Controller id=0] Current list of topics in the cluster: HashSet(connect-configs-2, first_topic, connect-offsets-2, twitter.raw, twitter.raw.2, __consumer_offsets, connect-status-2) (kafka.controller.KafkaController)
[2021-02-14 21:11:30,824] INFO [Controller id=0] Fetching topic deletions in progress (kafka.controller.KafkaController)
[2021-02-14 21:11:30,832] INFO [Controller id=0] List of topics to be deleted:  (kafka.controller.KafkaController)
[2021-02-14 21:11:30,833] INFO [Controller id=0] List of topics ineligible for deletion:  (kafka.controller.KafkaController)
[2021-02-14 21:11:30,833] INFO [Controller id=0] Initializing topic deletion manager (kafka.controller.KafkaController)
[2021-02-14 21:11:30,833] INFO [Topic Deletion Manager 0] Initializing manager with initial deletions: Set(), initial ineligible deletions: HashSet() (kafka.controller.TopicDeletionManager)
[2021-02-14 21:11:30,834] INFO [Controller id=0] Sending update metadata request (kafka.controller.KafkaController)
[2021-02-14 21:11:30,845] INFO [ReplicaStateMachine controllerId=0] Initializing replica state (kafka.controller.ZkReplicaStateMachine)
[2021-02-14 21:11:30,855] INFO [ReplicaStateMachine controllerId=0] Triggering online replica state changes (kafka.controller.ZkReplicaStateMachine)
[2021-02-14 21:11:30,855] INFO [RequestSendThread controllerId=0] Controller 0 connected to erwins-mbp:9092 (id: 0 rack: null) for sending state change requests (kafka.controller.RequestSendThread)
[2021-02-14 21:11:30,891] INFO [ReplicaStateMachine controllerId=0] Triggering offline replica state changes (kafka.controller.ZkReplicaStateMachine)
[2021-02-14 21:11:30,892] DEBUG [ReplicaStateMachine controllerId=0] Started replica state machine with initial state -> HashMap([Topic=__consumer_offsets,Partition=40,Replica=0] -> OnlineReplica, [Topic=__consumer_offsets,Partition=27,Replica=0] -> OnlineReplica, [Topic=connect-offsets-2,Partition=23,Replica=0] -> OnlineReplica, [Topic=__consumer_offsets,Partition=49,Replica=0] -> OnlineReplica, [Topic=connect-offsets-2,Partition=17,Replica=0] -> OnlineReplica, [Topic=connect-status-2,Partition=2,Replica=0] -> OnlineReplica, [Topic=__consumer_offsets,Partition=47,Replica=0] -> OnlineReplica, [Topic=__consumer_offsets,Partition=3,Replica=0] -> OnlineReplica, [Topic=__consumer_offsets,Partition=18,Replica=0] -> OnlineReplica, [Topic=__consumer_offsets,Partition=44,Replica=0] -> OnlineReplica, [Topic=__consumer_offsets,Partition=8,Replica=0] -> OnlineReplica, [Topic=connect-offsets-2,Partition=2,Replica=0] -> OnlineReplica, [Topic=connect-offsets-2,Partition=22,Replica=0] -> OnlineReplica, [Topic=__consumer_offsets,Partition=34,Replica=0] -> OnlineReplica, [Topic=connect-offsets-2,Partition=6,Replica=0] -> OnlineReplica, [Topic=__consumer_offsets,Partition=25,Replica=0] -> OnlineReplica, [Topic=twitter.raw.2,Partition=0,Replica=0] -> OnlineReplica, [Topic=connect-status-2,Partition=1,Replica=0] -> OnlineReplica, [Topic=__consumer_offsets,Partition=14,Replica=0] -> OnlineReplica, [Topic=__consumer_offsets,Partition=24,Replica=0] -> OnlineReplica, [Topic=connect-offsets-2,Partition=1,Replica=0] -> OnlineReplica, [Topic=connect-offsets-2,Partition=21,Replica=0] -> OnlineReplica, [Topic=__consumer_offsets,Partition=36,Replica=0] -> OnlineReplica, [Topic=connect-offsets-2,Partition=19,Replica=0] -> OnlineReplica, [Topic=__consumer_offsets,Partition=42,Replica=0] -> OnlineReplica, [Topic=connect-offsets-2,Partition=16,Replica=0] -> OnlineReplica, [Topic=__consumer_offsets,Partition=45,Replica=0] -> OnlineReplica, [Topic=__consumer_offsets,Partition=11,Replica=0] -> OnlineReplica, [Topic=connect-offsets-2,Partition=0,Replica=0] -> OnlineReplica, [Topic=__consumer_offsets,Partition=32,Replica=0] -> OnlineReplica, [Topic=__consumer_offsets,Partition=12,Replica=0] -> OnlineReplica, [Topic=__consumer_offsets,Partition=30,Replica=0] -> OnlineReplica, [Topic=connect-status-2,Partition=3,Replica=0] -> OnlineReplica, [Topic=connect-configs-2,Partition=0,Replica=0] -> OnlineReplica, [Topic=connect-status-2,Partition=0,Replica=0] -> OnlineReplica, [Topic=__consumer_offsets,Partition=9,Replica=0] -> OnlineReplica, [Topic=__consumer_offsets,Partition=39,Replica=0] -> OnlineReplica, [Topic=connect-offsets-2,Partition=24,Replica=0] -> OnlineReplica, [Topic=__consumer_offsets,Partition=38,Replica=0] -> OnlineReplica, [Topic=connect-offsets-2,Partition=13,Replica=0] -> OnlineReplica, [Topic=connect-offsets-2,Partition=20,Replica=0] -> OnlineReplica, [Topic=first_topic,Partition=0,Replica=0] -> OnlineReplica, [Topic=__consumer_offsets,Partition=23,Replica=0] -> OnlineReplica, [Topic=connect-offsets-2,Partition=11,Replica=0] -> OnlineReplica, [Topic=connect-offsets-2,Partition=18,Replica=0] -> OnlineReplica, [Topic=__consumer_offsets,Partition=19,Replica=0] -> OnlineReplica, [Topic=twitter.raw,Partition=0,Replica=0] -> OnlineReplica, [Topic=__consumer_offsets,Partition=17,Replica=0] -> OnlineReplica, [Topic=connect-offsets-2,Partition=4,Replica=0] -> OnlineReplica, [Topic=__consumer_offsets,Partition=41,Replica=0] -> OnlineReplica, [Topic=__consumer_offsets,Partition=37,Replica=0] -> OnlineReplica, [Topic=__consumer_offsets,Partition=48,Replica=0] -> OnlineReplica, [Topic=__consumer_offsets,Partition=29,Replica=0] -> OnlineReplica, [Topic=__consumer_offsets,Partition=10,Replica=0] -> OnlineReplica, [Topic=connect-offsets-2,Partition=9,Replica=0] -> OnlineReplica, [Topic=__consumer_offsets,Partition=46,Replica=0] -> OnlineReplica, [Topic=connect-offsets-2,Partition=10,Replica=0] -> OnlineReplica, [Topic=__consumer_offsets,Partition=1,Replica=0] -> OnlineReplica, [Topic=connect-offsets-2,Partition=8,Replica=0] -> OnlineReplica, [Topic=connect-offsets-2,Partition=12,Replica=0] -> OnlineReplica, [Topic=__consumer_offsets,Partition=16,Replica=0] -> OnlineReplica, [Topic=__consumer_offsets,Partition=5,Replica=0] -> OnlineReplica, [Topic=connect-offsets-2,Partition=3,Replica=0] -> OnlineReplica, [Topic=connect-status-2,Partition=4,Replica=0] -> OnlineReplica, [Topic=__consumer_offsets,Partition=15,Replica=0] -> OnlineReplica, [Topic=__consumer_offsets,Partition=4,Replica=0] -> OnlineReplica, [Topic=__consumer_offsets,Partition=6,Replica=0] -> OnlineReplica, [Topic=__consumer_offsets,Partition=7,Replica=0] -> OnlineReplica, [Topic=__consumer_offsets,Partition=43,Replica=0] -> OnlineReplica, [Topic=__consumer_offsets,Partition=0,Replica=0] -> OnlineReplica, [Topic=connect-offsets-2,Partition=5,Replica=0] -> OnlineReplica, [Topic=__consumer_offsets,Partition=20,Replica=0] -> OnlineReplica, [Topic=connect-offsets-2,Partition=14,Replica=0] -> OnlineReplica, [Topic=__consumer_offsets,Partition=31,Replica=0] -> OnlineReplica, [Topic=__consumer_offsets,Partition=28,Replica=0] -> OnlineReplica, [Topic=connect-offsets-2,Partition=7,Replica=0] -> OnlineReplica, [Topic=__consumer_offsets,Partition=26,Replica=0] -> OnlineReplica, [Topic=connect-offsets-2,Partition=15,Replica=0] -> OnlineReplica, [Topic=__consumer_offsets,Partition=2,Replica=0] -> OnlineReplica, [Topic=__consumer_offsets,Partition=33,Replica=0] -> OnlineReplica, [Topic=__consumer_offsets,Partition=22,Replica=0] -> OnlineReplica, [Topic=__consumer_offsets,Partition=21,Replica=0] -> OnlineReplica, [Topic=__consumer_offsets,Partition=13,Replica=0] -> OnlineReplica, [Topic=__consumer_offsets,Partition=35,Replica=0] -> OnlineReplica) (kafka.controller.ZkReplicaStateMachine)
[2021-02-14 21:11:30,892] INFO [PartitionStateMachine controllerId=0] Initializing partition state (kafka.controller.ZkPartitionStateMachine)
[2021-02-14 21:11:30,898] INFO [PartitionStateMachine controllerId=0] Triggering online partition state changes (kafka.controller.ZkPartitionStateMachine)
[2021-02-14 21:11:30,900] DEBUG [PartitionStateMachine controllerId=0] Started partition state machine with initial state -> HashMap(__consumer_offsets-13 -> OnlinePartition, connect-offsets-2-13 -> OnlinePartition, __consumer_offsets-46 -> OnlinePartition, __consumer_offsets-9 -> OnlinePartition, connect-offsets-2-17 -> OnlinePartition, __consumer_offsets-42 -> OnlinePartition, twitter.raw-0 -> OnlinePartition, __consumer_offsets-21 -> OnlinePartition, connect-offsets-2-5 -> OnlinePartition, connect-status-2-2 -> OnlinePartition, __consumer_offsets-17 -> OnlinePartition, connect-offsets-2-9 -> OnlinePartition, __consumer_offsets-30 -> OnlinePartition, connect-offsets-2-0 -> OnlinePartition, __consumer_offsets-26 -> OnlinePartition, __consumer_offsets-5 -> OnlinePartition, connect-offsets-2-21 -> OnlinePartition, __consumer_offsets-38 -> OnlinePartition, __consumer_offsets-1 -> OnlinePartition, __consumer_offsets-34 -> OnlinePartition, connect-offsets-2-14 -> OnlinePartition, __consumer_offsets-16 -> OnlinePartition, __consumer_offsets-45 -> OnlinePartition, connect-offsets-2-18 -> OnlinePartition, __consumer_offsets-12 -> OnlinePartition, __consumer_offsets-41 -> OnlinePartition, connect-offsets-2-6 -> OnlinePartition, twitter.raw.2-0 -> OnlinePartition, __consumer_offsets-24 -> OnlinePartition, connect-offsets-2-10 -> OnlinePartition, __consumer_offsets-20 -> OnlinePartition, connect-status-2-3 -> OnlinePartition, __consumer_offsets-49 -> OnlinePartition, __consumer_offsets-0 -> OnlinePartition, __consumer_offsets-29 -> OnlinePartition, __consumer_offsets-25 -> OnlinePartition, connect-offsets-2-1 -> OnlinePartition, connect-offsets-2-22 -> OnlinePartition, __consumer_offsets-8 -> OnlinePartition, __consumer_offsets-37 -> OnlinePartition, __consumer_offsets-4 -> OnlinePartition, __consumer_offsets-33 -> OnlinePartition, __consumer_offsets-15 -> OnlinePartition, connect-offsets-2-15 -> OnlinePartition, __consumer_offsets-48 -> OnlinePartition, connect-status-2-4 -> OnlinePartition, __consumer_offsets-11 -> OnlinePartition, first_topic-0 -> OnlinePartition, connect-offsets-2-19 -> OnlinePartition, __consumer_offsets-44 -> OnlinePartition, __consumer_offsets-23 -> OnlinePartition, connect-offsets-2-7 -> OnlinePartition, __consumer_offsets-19 -> OnlinePartition, connect-offsets-2-11 -> OnlinePartition, connect-status-2-0 -> OnlinePartition, __consumer_offsets-32 -> OnlinePartition, connect-offsets-2-2 -> OnlinePartition, __consumer_offsets-28 -> OnlinePartition, __consumer_offsets-7 -> OnlinePartition, connect-offsets-2-23 -> OnlinePartition, __consumer_offsets-40 -> OnlinePartition, __consumer_offsets-3 -> OnlinePartition, __consumer_offsets-36 -> OnlinePartition, __consumer_offsets-47 -> OnlinePartition, connect-offsets-2-12 -> OnlinePartition, __consumer_offsets-14 -> OnlinePartition, __consumer_offsets-43 -> OnlinePartition, connect-offsets-2-16 -> OnlinePartition, __consumer_offsets-10 -> OnlinePartition, connect-offsets-2-4 -> OnlinePartition, __consumer_offsets-22 -> OnlinePartition, connect-offsets-2-8 -> OnlinePartition, __consumer_offsets-18 -> OnlinePartition, connect-status-2-1 -> OnlinePartition, __consumer_offsets-31 -> OnlinePartition, __consumer_offsets-27 -> OnlinePartition, connect-configs-2-0 -> OnlinePartition, connect-offsets-2-3 -> OnlinePartition, __consumer_offsets-39 -> OnlinePartition, connect-offsets-2-20 -> OnlinePartition, __consumer_offsets-6 -> OnlinePartition, __consumer_offsets-35 -> OnlinePartition, connect-offsets-2-24 -> OnlinePartition, __consumer_offsets-2 -> OnlinePartition) (kafka.controller.ZkPartitionStateMachine)
[2021-02-14 21:11:30,901] INFO [Controller id=0] Ready to serve as the new controller with epoch 6 (kafka.controller.KafkaController)
[2021-02-14 21:11:30,904] INFO [Controller id=0] Partitions undergoing preferred replica election:  (kafka.controller.KafkaController)
[2021-02-14 21:11:30,905] INFO [Controller id=0] Partitions that completed preferred replica election:  (kafka.controller.KafkaController)
[2021-02-14 21:11:30,905] INFO [Controller id=0] Skipping preferred replica election for partitions due to topic deletion:  (kafka.controller.KafkaController)
[2021-02-14 21:11:30,905] INFO [Controller id=0] Resuming preferred replica election for partitions:  (kafka.controller.KafkaController)
[2021-02-14 21:11:30,906] INFO [Controller id=0] Starting replica leader election (PREFERRED) for partitions  triggered by ZkTriggered (kafka.controller.KafkaController)
[2021-02-14 21:11:30,916] INFO [Controller id=0] Starting the controller scheduler (kafka.controller.KafkaController)
[2021-02-14 21:11:35,922] INFO [Controller id=0] Processing automatic preferred replica leader election (kafka.controller.KafkaController)
[2021-02-14 21:11:35,924] TRACE [Controller id=0] Checking need to trigger auto leader balancing (kafka.controller.KafkaController)
[2021-02-14 21:11:35,933] DEBUG [Controller id=0] Topics not in preferred replica for broker 0 HashMap() (kafka.controller.KafkaController)
[2021-02-14 21:11:35,934] TRACE [Controller id=0] Leader imbalance ratio for broker 0 is 0.0 (kafka.controller.KafkaController)
[2021-02-14 21:18:40,063] DEBUG preRegister called. Server=com.sun.jmx.mbeanserver.JmxMBeanServer@66d3c617, name=log4j:logger=kafka.controller (kafka.controller)
[2021-02-14 21:18:44,336] INFO [ControllerEventThread controllerId=0] Starting (kafka.controller.ControllerEventManager$ControllerEventThread)
[2021-02-14 21:18:44,356] INFO [Controller id=0] 0 successfully elected as the controller. Epoch incremented to 1 and epoch zk version is now 1 (kafka.controller.KafkaController)
[2021-02-14 21:18:44,363] INFO [Controller id=0] Creating FeatureZNode at path: /feature with contents: FeatureZNode(Enabled,Features{}) (kafka.controller.KafkaController)
[2021-02-14 21:18:44,411] INFO [Controller id=0] Registering handlers (kafka.controller.KafkaController)
[2021-02-14 21:18:44,422] INFO [Controller id=0] Deleting log dir event notifications (kafka.controller.KafkaController)
[2021-02-14 21:18:44,425] INFO [Controller id=0] Deleting isr change notifications (kafka.controller.KafkaController)
[2021-02-14 21:18:44,427] INFO [Controller id=0] Initializing controller context (kafka.controller.KafkaController)
[2021-02-14 21:18:44,442] INFO [Controller id=0] Initialized broker epochs cache: HashMap(0 -> 24) (kafka.controller.KafkaController)
[2021-02-14 21:18:44,445] DEBUG [Controller id=0] Register BrokerModifications handler for Set(0) (kafka.controller.KafkaController)
[2021-02-14 21:18:44,458] DEBUG [Channel manager on controller 0]: Controller 0 trying to connect to broker 0 (kafka.controller.ControllerChannelManager)
[2021-02-14 21:18:44,463] INFO [RequestSendThread controllerId=0] Starting (kafka.controller.RequestSendThread)
[2021-02-14 21:18:44,465] INFO [Controller id=0] Currently active brokers in the cluster: Set(0) (kafka.controller.KafkaController)
[2021-02-14 21:18:44,466] INFO [Controller id=0] Currently shutting brokers in the cluster: HashSet() (kafka.controller.KafkaController)
[2021-02-14 21:18:44,466] INFO [Controller id=0] Current list of topics in the cluster: HashSet() (kafka.controller.KafkaController)
[2021-02-14 21:18:44,466] INFO [Controller id=0] Fetching topic deletions in progress (kafka.controller.KafkaController)
[2021-02-14 21:18:44,469] INFO [Controller id=0] List of topics to be deleted:  (kafka.controller.KafkaController)
[2021-02-14 21:18:44,469] INFO [Controller id=0] List of topics ineligible for deletion:  (kafka.controller.KafkaController)
[2021-02-14 21:18:44,470] INFO [Controller id=0] Initializing topic deletion manager (kafka.controller.KafkaController)
[2021-02-14 21:18:44,470] INFO [Topic Deletion Manager 0] Initializing manager with initial deletions: Set(), initial ineligible deletions: HashSet() (kafka.controller.TopicDeletionManager)
[2021-02-14 21:18:44,471] INFO [Controller id=0] Sending update metadata request (kafka.controller.KafkaController)
[2021-02-14 21:18:44,479] INFO [ReplicaStateMachine controllerId=0] Initializing replica state (kafka.controller.ZkReplicaStateMachine)
[2021-02-14 21:18:44,480] INFO [ReplicaStateMachine controllerId=0] Triggering online replica state changes (kafka.controller.ZkReplicaStateMachine)
[2021-02-14 21:18:44,484] INFO [ReplicaStateMachine controllerId=0] Triggering offline replica state changes (kafka.controller.ZkReplicaStateMachine)
[2021-02-14 21:18:44,484] DEBUG [ReplicaStateMachine controllerId=0] Started replica state machine with initial state -> HashMap() (kafka.controller.ZkReplicaStateMachine)
[2021-02-14 21:18:44,485] INFO [PartitionStateMachine controllerId=0] Initializing partition state (kafka.controller.ZkPartitionStateMachine)
[2021-02-14 21:18:44,486] INFO [PartitionStateMachine controllerId=0] Triggering online partition state changes (kafka.controller.ZkPartitionStateMachine)
[2021-02-14 21:18:44,488] INFO [RequestSendThread controllerId=0] Controller 0 connected to erwins-mbp:9092 (id: 0 rack: null) for sending state change requests (kafka.controller.RequestSendThread)
[2021-02-14 21:18:44,490] DEBUG [PartitionStateMachine controllerId=0] Started partition state machine with initial state -> HashMap() (kafka.controller.ZkPartitionStateMachine)
[2021-02-14 21:18:44,490] INFO [Controller id=0] Ready to serve as the new controller with epoch 1 (kafka.controller.KafkaController)
[2021-02-14 21:18:44,494] INFO [Controller id=0] Partitions undergoing preferred replica election:  (kafka.controller.KafkaController)
[2021-02-14 21:18:44,494] INFO [Controller id=0] Partitions that completed preferred replica election:  (kafka.controller.KafkaController)
[2021-02-14 21:18:44,494] INFO [Controller id=0] Skipping preferred replica election for partitions due to topic deletion:  (kafka.controller.KafkaController)
[2021-02-14 21:18:44,495] INFO [Controller id=0] Resuming preferred replica election for partitions:  (kafka.controller.KafkaController)
[2021-02-14 21:18:44,496] INFO [Controller id=0] Starting replica leader election (PREFERRED) for partitions  triggered by ZkTriggered (kafka.controller.KafkaController)
[2021-02-14 21:18:44,507] INFO [Controller id=0] Starting the controller scheduler (kafka.controller.KafkaController)
[2021-02-14 21:18:49,514] INFO [Controller id=0] Processing automatic preferred replica leader election (kafka.controller.KafkaController)
[2021-02-14 21:18:49,515] TRACE [Controller id=0] Checking need to trigger auto leader balancing (kafka.controller.KafkaController)
[2021-02-14 21:18:50,771] INFO [Controller id=0] New topics: [Set(connect-offsets-2)], deleted topics: [HashSet()], new partition replica assignment [HashMap(connect-offsets-2-8 -> ReplicaAssignment(replicas=0, addingReplicas=, removingReplicas=), connect-offsets-2-2 -> ReplicaAssignment(replicas=0, addingReplicas=, removingReplicas=), connect-offsets-2-12 -> ReplicaAssignment(replicas=0, addingReplicas=, removingReplicas=), connect-offsets-2-22 -> ReplicaAssignment(replicas=0, addingReplicas=, removingReplicas=), connect-offsets-2-13 -> ReplicaAssignment(replicas=0, addingReplicas=, removingReplicas=), connect-offsets-2-14 -> ReplicaAssignment(replicas=0, addingReplicas=, removingReplicas=), connect-offsets-2-4 -> ReplicaAssignment(replicas=0, addingReplicas=, removingReplicas=), connect-offsets-2-5 -> ReplicaAssignment(replicas=0, addingReplicas=, removingReplicas=), connect-offsets-2-0 -> ReplicaAssignment(replicas=0, addingReplicas=, removingReplicas=), connect-offsets-2-6 -> ReplicaAssignment(replicas=0, addingReplicas=, removingReplicas=), connect-offsets-2-19 -> ReplicaAssignment(replicas=0, addingReplicas=, removingReplicas=), connect-offsets-2-10 -> ReplicaAssignment(replicas=0, addingReplicas=, removingReplicas=), connect-offsets-2-17 -> ReplicaAssignment(replicas=0, addingReplicas=, removingReplicas=), connect-offsets-2-3 -> ReplicaAssignment(replicas=0, addingReplicas=, removingReplicas=), connect-offsets-2-18 -> ReplicaAssignment(replicas=0, addingReplicas=, removingReplicas=), connect-offsets-2-23 -> ReplicaAssignment(replicas=0, addingReplicas=, removingReplicas=), connect-offsets-2-9 -> ReplicaAssignment(replicas=0, addingReplicas=, removingReplicas=), connect-offsets-2-24 -> ReplicaAssignment(replicas=0, addingReplicas=, removingReplicas=), connect-offsets-2-15 -> ReplicaAssignment(replicas=0, addingReplicas=, removingReplicas=), connect-offsets-2-1 -> ReplicaAssignment(replicas=0, addingReplicas=, removingReplicas=), connect-offsets-2-16 -> ReplicaAssignment(replicas=0, addingReplicas=, removingReplicas=), connect-offsets-2-11 -> ReplicaAssignment(replicas=0, addingReplicas=, removingReplicas=), connect-offsets-2-7 -> ReplicaAssignment(replicas=0, addingReplicas=, removingReplicas=), connect-offsets-2-20 -> ReplicaAssignment(replicas=0, addingReplicas=, removingReplicas=), connect-offsets-2-21 -> ReplicaAssignment(replicas=0, addingReplicas=, removingReplicas=))] (kafka.controller.KafkaController)
[2021-02-14 21:18:50,772] INFO [Controller id=0] New partition creation callback for connect-offsets-2-8,connect-offsets-2-2,connect-offsets-2-12,connect-offsets-2-22,connect-offsets-2-13,connect-offsets-2-14,connect-offsets-2-4,connect-offsets-2-5,connect-offsets-2-0,connect-offsets-2-6,connect-offsets-2-19,connect-offsets-2-10,connect-offsets-2-17,connect-offsets-2-3,connect-offsets-2-18,connect-offsets-2-23,connect-offsets-2-9,connect-offsets-2-24,connect-offsets-2-15,connect-offsets-2-1,connect-offsets-2-16,connect-offsets-2-11,connect-offsets-2-7,connect-offsets-2-20,connect-offsets-2-21 (kafka.controller.KafkaController)
[2021-02-14 21:18:51,335] INFO [Controller id=0] New topics: [Set(connect-status-2)], deleted topics: [HashSet()], new partition replica assignment [HashMap(connect-status-2-0 -> ReplicaAssignment(replicas=0, addingReplicas=, removingReplicas=), connect-status-2-2 -> ReplicaAssignment(replicas=0, addingReplicas=, removingReplicas=), connect-status-2-3 -> ReplicaAssignment(replicas=0, addingReplicas=, removingReplicas=), connect-status-2-1 -> ReplicaAssignment(replicas=0, addingReplicas=, removingReplicas=), connect-status-2-4 -> ReplicaAssignment(replicas=0, addingReplicas=, removingReplicas=))] (kafka.controller.KafkaController)
[2021-02-14 21:18:51,335] INFO [Controller id=0] New partition creation callback for connect-status-2-0,connect-status-2-2,connect-status-2-3,connect-status-2-1,connect-status-2-4 (kafka.controller.KafkaController)
[2021-02-14 21:18:51,430] INFO [Controller id=0] New topics: [Set(connect-configs-2)], deleted topics: [HashSet()], new partition replica assignment [Map(connect-configs-2-0 -> ReplicaAssignment(replicas=0, addingReplicas=, removingReplicas=))] (kafka.controller.KafkaController)
[2021-02-14 21:18:51,430] INFO [Controller id=0] New partition creation callback for connect-configs-2-0 (kafka.controller.KafkaController)
[2021-02-14 21:18:51,505] INFO [Controller id=0] New topics: [Set(__consumer_offsets)], deleted topics: [HashSet()], new partition replica assignment [HashMap(__consumer_offsets-22 -> ReplicaAssignment(replicas=0, addingReplicas=, removingReplicas=), __consumer_offsets-30 -> ReplicaAssignment(replicas=0, addingReplicas=, removingReplicas=), __consumer_offsets-25 -> ReplicaAssignment(replicas=0, addingReplicas=, removingReplicas=), __consumer_offsets-35 -> ReplicaAssignment(replicas=0, addingReplicas=, removingReplicas=), __consumer_offsets-37 -> ReplicaAssignment(replicas=0, addingReplicas=, removingReplicas=), __consumer_offsets-38 -> ReplicaAssignment(replicas=0, addingReplicas=, removingReplicas=), __consumer_offsets-13 -> ReplicaAssignment(replicas=0, addingReplicas=, removingReplicas=), __consumer_offsets-8 -> ReplicaAssignment(replicas=0, addingReplicas=, removingReplicas=), __consumer_offsets-21 -> ReplicaAssignment(replicas=0, addingReplicas=, removingReplicas=), __consumer_offsets-4 -> ReplicaAssignment(replicas=0, addingReplicas=, removingReplicas=), __consumer_offsets-27 -> ReplicaAssignment(replicas=0, addingReplicas=, removingReplicas=), __consumer_offsets-7 -> ReplicaAssignment(replicas=0, addingReplicas=, removingReplicas=), __consumer_offsets-9 -> ReplicaAssignment(replicas=0, addingReplicas=, removingReplicas=), __consumer_offsets-46 -> ReplicaAssignment(replicas=0, addingReplicas=, removingReplicas=), __consumer_offsets-41 -> ReplicaAssignment(replicas=0, addingReplicas=, removingReplicas=), __consumer_offsets-33 -> ReplicaAssignment(replicas=0, addingReplicas=, removingReplicas=), __consumer_offsets-23 -> ReplicaAssignment(replicas=0, addingReplicas=, removingReplicas=), __consumer_offsets-49 -> ReplicaAssignment(replicas=0, addingReplicas=, removingReplicas=), __consumer_offsets-47 -> ReplicaAssignment(replicas=0, addingReplicas=, removingReplicas=), __consumer_offsets-16 -> ReplicaAssignment(replicas=0, addingReplicas=, removingReplicas=), __consumer_offsets-28 -> ReplicaAssignment(replicas=0, addingReplicas=, removingReplicas=), __consumer_offsets-31 -> ReplicaAssignment(replicas=0, addingReplicas=, removingReplicas=), __consumer_offsets-36 -> ReplicaAssignment(replicas=0, addingReplicas=, removingReplicas=), __consumer_offsets-42 -> ReplicaAssignment(replicas=0, addingReplicas=, removingReplicas=), __consumer_offsets-3 -> ReplicaAssignment(replicas=0, addingReplicas=, removingReplicas=), __consumer_offsets-18 -> ReplicaAssignment(replicas=0, addingReplicas=, removingReplicas=), __consumer_offsets-15 -> ReplicaAssignment(replicas=0, addingReplicas=, removingReplicas=), __consumer_offsets-24 -> ReplicaAssignment(replicas=0, addingReplicas=, removingReplicas=), __consumer_offsets-17 -> ReplicaAssignment(replicas=0, addingReplicas=, removingReplicas=), __consumer_offsets-48 -> ReplicaAssignment(replicas=0, addingReplicas=, removingReplicas=), __consumer_offsets-19 -> ReplicaAssignment(replicas=0, addingReplicas=, removingReplicas=), __consumer_offsets-11 -> ReplicaAssignment(replicas=0, addingReplicas=, removingReplicas=), __consumer_offsets-2 -> ReplicaAssignment(replicas=0, addingReplicas=, removingReplicas=), __consumer_offsets-43 -> ReplicaAssignment(replicas=0, addingReplicas=, removingReplicas=), __consumer_offsets-6 -> ReplicaAssignment(replicas=0, addingReplicas=, removingReplicas=), __consumer_offsets-14 -> ReplicaAssignment(replicas=0, addingReplicas=, removingReplicas=), __consumer_offsets-20 -> ReplicaAssignment(replicas=0, addingReplicas=, removingReplicas=), __consumer_offsets-0 -> ReplicaAssignment(replicas=0, addingReplicas=, removingReplicas=), __consumer_offsets-44 -> ReplicaAssignment(replicas=0, addingReplicas=, removingReplicas=), __consumer_offsets-39 -> ReplicaAssignment(replicas=0, addingReplicas=, removingReplicas=), __consumer_offsets-12 -> ReplicaAssignment(replicas=0, addingReplicas=, removingReplicas=), __consumer_offsets-45 -> ReplicaAssignment(replicas=0, addingReplicas=, removingReplicas=), __consumer_offsets-1 -> ReplicaAssignment(replicas=0, addingReplicas=, removingReplicas=), __consumer_offsets-5 -> ReplicaAssignment(replicas=0, addingReplicas=, removingReplicas=), __consumer_offsets-26 -> ReplicaAssignment(replicas=0, addingReplicas=, removingReplicas=), __consumer_offsets-29 -> ReplicaAssignment(replicas=0, addingReplicas=, removingReplicas=), __consumer_offsets-34 -> ReplicaAssignment(replicas=0, addingReplicas=, removingReplicas=), __consumer_offsets-10 -> ReplicaAssignment(replicas=0, addingReplicas=, removingReplicas=), __consumer_offsets-32 -> ReplicaAssignment(replicas=0, addingReplicas=, removingReplicas=), __consumer_offsets-40 -> ReplicaAssignment(replicas=0, addingReplicas=, removingReplicas=))] (kafka.controller.KafkaController)
[2021-02-14 21:18:51,505] INFO [Controller id=0] New partition creation callback for __consumer_offsets-22,__consumer_offsets-30,__consumer_offsets-25,__consumer_offsets-35,__consumer_offsets-37,__consumer_offsets-38,__consumer_offsets-13,__consumer_offsets-8,__consumer_offsets-21,__consumer_offsets-4,__consumer_offsets-27,__consumer_offsets-7,__consumer_offsets-9,__consumer_offsets-46,__consumer_offsets-41,__consumer_offsets-33,__consumer_offsets-23,__consumer_offsets-49,__consumer_offsets-47,__consumer_offsets-16,__consumer_offsets-28,__consumer_offsets-31,__consumer_offsets-36,__consumer_offsets-42,__consumer_offsets-3,__consumer_offsets-18,__consumer_offsets-15,__consumer_offsets-24,__consumer_offsets-17,__consumer_offsets-48,__consumer_offsets-19,__consumer_offsets-11,__consumer_offsets-2,__consumer_offsets-43,__consumer_offsets-6,__consumer_offsets-14,__consumer_offsets-20,__consumer_offsets-0,__consumer_offsets-44,__consumer_offsets-39,__consumer_offsets-12,__consumer_offsets-45,__consumer_offsets-1,__consumer_offsets-5,__consumer_offsets-26,__consumer_offsets-29,__consumer_offsets-34,__consumer_offsets-10,__consumer_offsets-32,__consumer_offsets-40 (kafka.controller.KafkaController)
[2021-02-14 21:18:54,873] INFO [Controller id=0] New topics: [HashSet(twitter.raw)], deleted topics: [HashSet()], new partition replica assignment [Map(twitter.raw-0 -> ReplicaAssignment(replicas=0, addingReplicas=, removingReplicas=))] (kafka.controller.KafkaController)
[2021-02-14 21:18:54,873] INFO [Controller id=0] New partition creation callback for twitter.raw-0 (kafka.controller.KafkaController)
[2021-02-14 21:23:49,520] INFO [Controller id=0] Processing automatic preferred replica leader election (kafka.controller.KafkaController)
[2021-02-14 21:23:49,521] TRACE [Controller id=0] Checking need to trigger auto leader balancing (kafka.controller.KafkaController)
[2021-02-14 21:23:49,530] DEBUG [Controller id=0] Topics not in preferred replica for broker 0 HashMap() (kafka.controller.KafkaController)
[2021-02-14 21:23:49,531] TRACE [Controller id=0] Leader imbalance ratio for broker 0 is 0.0 (kafka.controller.KafkaController)
[2021-02-14 21:28:49,530] INFO [Controller id=0] Processing automatic preferred replica leader election (kafka.controller.KafkaController)
[2021-02-14 21:28:49,531] TRACE [Controller id=0] Checking need to trigger auto leader balancing (kafka.controller.KafkaController)
[2021-02-14 21:28:49,535] DEBUG [Controller id=0] Topics not in preferred replica for broker 0 HashMap() (kafka.controller.KafkaController)
[2021-02-14 21:28:49,535] TRACE [Controller id=0] Leader imbalance ratio for broker 0 is 0.0 (kafka.controller.KafkaController)
[2021-02-14 21:34:42,378] DEBUG preRegister called. Server=com.sun.jmx.mbeanserver.JmxMBeanServer@66d3c617, name=log4j:logger=kafka.controller (kafka.controller)
[2021-02-14 21:35:29,515] DEBUG preRegister called. Server=com.sun.jmx.mbeanserver.JmxMBeanServer@66d3c617, name=log4j:logger=kafka.controller (kafka.controller)
[2021-02-14 21:35:34,818] INFO [ControllerEventThread controllerId=0] Starting (kafka.controller.ControllerEventManager$ControllerEventThread)
[2021-02-14 21:35:34,840] INFO [Controller id=0] 0 successfully elected as the controller. Epoch incremented to 1 and epoch zk version is now 1 (kafka.controller.KafkaController)
[2021-02-14 21:35:34,849] INFO [Controller id=0] Creating FeatureZNode at path: /feature with contents: FeatureZNode(Enabled,Features{}) (kafka.controller.KafkaController)
[2021-02-14 21:35:34,878] INFO [Controller id=0] Registering handlers (kafka.controller.KafkaController)
[2021-02-14 21:35:34,882] INFO [Controller id=0] Deleting log dir event notifications (kafka.controller.KafkaController)
[2021-02-14 21:35:34,884] INFO [Controller id=0] Deleting isr change notifications (kafka.controller.KafkaController)
[2021-02-14 21:35:34,886] INFO [Controller id=0] Initializing controller context (kafka.controller.KafkaController)
[2021-02-14 21:35:34,901] INFO [Controller id=0] Initialized broker epochs cache: HashMap(0 -> 39) (kafka.controller.KafkaController)
[2021-02-14 21:35:34,904] DEBUG [Controller id=0] Register BrokerModifications handler for Set(0) (kafka.controller.KafkaController)
[2021-02-14 21:35:34,908] DEBUG [Channel manager on controller 0]: Controller 0 trying to connect to broker 0 (kafka.controller.ControllerChannelManager)
[2021-02-14 21:35:34,912] INFO [RequestSendThread controllerId=0] Starting (kafka.controller.RequestSendThread)
[2021-02-14 21:35:34,913] INFO [Controller id=0] Currently active brokers in the cluster: Set(0) (kafka.controller.KafkaController)
[2021-02-14 21:35:34,913] INFO [Controller id=0] Currently shutting brokers in the cluster: HashSet() (kafka.controller.KafkaController)
[2021-02-14 21:35:34,914] INFO [Controller id=0] Current list of topics in the cluster: HashSet() (kafka.controller.KafkaController)
[2021-02-14 21:35:34,914] INFO [Controller id=0] Fetching topic deletions in progress (kafka.controller.KafkaController)
[2021-02-14 21:35:34,916] INFO [Controller id=0] List of topics to be deleted:  (kafka.controller.KafkaController)
[2021-02-14 21:35:34,916] INFO [Controller id=0] List of topics ineligible for deletion:  (kafka.controller.KafkaController)
[2021-02-14 21:35:34,922] INFO [Controller id=0] Initializing topic deletion manager (kafka.controller.KafkaController)
[2021-02-14 21:35:34,922] INFO [Topic Deletion Manager 0] Initializing manager with initial deletions: Set(), initial ineligible deletions: HashSet() (kafka.controller.TopicDeletionManager)
[2021-02-14 21:35:34,923] INFO [Controller id=0] Sending update metadata request (kafka.controller.KafkaController)
[2021-02-14 21:35:34,937] INFO [ReplicaStateMachine controllerId=0] Initializing replica state (kafka.controller.ZkReplicaStateMachine)
[2021-02-14 21:35:34,938] INFO [ReplicaStateMachine controllerId=0] Triggering online replica state changes (kafka.controller.ZkReplicaStateMachine)
[2021-02-14 21:35:34,941] INFO [ReplicaStateMachine controllerId=0] Triggering offline replica state changes (kafka.controller.ZkReplicaStateMachine)
[2021-02-14 21:35:34,942] DEBUG [ReplicaStateMachine controllerId=0] Started replica state machine with initial state -> HashMap() (kafka.controller.ZkReplicaStateMachine)
[2021-02-14 21:35:34,942] INFO [PartitionStateMachine controllerId=0] Initializing partition state (kafka.controller.ZkPartitionStateMachine)
[2021-02-14 21:35:34,943] INFO [PartitionStateMachine controllerId=0] Triggering online partition state changes (kafka.controller.ZkPartitionStateMachine)
[2021-02-14 21:35:34,945] INFO [RequestSendThread controllerId=0] Controller 0 connected to erwins-mbp:9092 (id: 0 rack: null) for sending state change requests (kafka.controller.RequestSendThread)
[2021-02-14 21:35:34,946] DEBUG [PartitionStateMachine controllerId=0] Started partition state machine with initial state -> HashMap() (kafka.controller.ZkPartitionStateMachine)
[2021-02-14 21:35:34,946] INFO [Controller id=0] Ready to serve as the new controller with epoch 1 (kafka.controller.KafkaController)
[2021-02-14 21:35:34,951] INFO [Controller id=0] Partitions undergoing preferred replica election:  (kafka.controller.KafkaController)
[2021-02-14 21:35:34,951] INFO [Controller id=0] Partitions that completed preferred replica election:  (kafka.controller.KafkaController)
[2021-02-14 21:35:34,952] INFO [Controller id=0] Skipping preferred replica election for partitions due to topic deletion:  (kafka.controller.KafkaController)
[2021-02-14 21:35:34,952] INFO [Controller id=0] Resuming preferred replica election for partitions:  (kafka.controller.KafkaController)
[2021-02-14 21:35:34,953] INFO [Controller id=0] Starting replica leader election (PREFERRED) for partitions  triggered by ZkTriggered (kafka.controller.KafkaController)
[2021-02-14 21:35:34,963] INFO [Controller id=0] Starting the controller scheduler (kafka.controller.KafkaController)
[2021-02-14 21:35:39,965] INFO [Controller id=0] Processing automatic preferred replica leader election (kafka.controller.KafkaController)
[2021-02-14 21:35:39,965] TRACE [Controller id=0] Checking need to trigger auto leader balancing (kafka.controller.KafkaController)
[2021-02-14 21:35:41,950] INFO [Controller id=0] New topics: [Set(connect-offsets-2)], deleted topics: [HashSet()], new partition replica assignment [HashMap(connect-offsets-2-8 -> ReplicaAssignment(replicas=0, addingReplicas=, removingReplicas=), connect-offsets-2-2 -> ReplicaAssignment(replicas=0, addingReplicas=, removingReplicas=), connect-offsets-2-12 -> ReplicaAssignment(replicas=0, addingReplicas=, removingReplicas=), connect-offsets-2-22 -> ReplicaAssignment(replicas=0, addingReplicas=, removingReplicas=), connect-offsets-2-13 -> ReplicaAssignment(replicas=0, addingReplicas=, removingReplicas=), connect-offsets-2-14 -> ReplicaAssignment(replicas=0, addingReplicas=, removingReplicas=), connect-offsets-2-4 -> ReplicaAssignment(replicas=0, addingReplicas=, removingReplicas=), connect-offsets-2-5 -> ReplicaAssignment(replicas=0, addingReplicas=, removingReplicas=), connect-offsets-2-0 -> ReplicaAssignment(replicas=0, addingReplicas=, removingReplicas=), connect-offsets-2-6 -> ReplicaAssignment(replicas=0, addingReplicas=, removingReplicas=), connect-offsets-2-19 -> ReplicaAssignment(replicas=0, addingReplicas=, removingReplicas=), connect-offsets-2-10 -> ReplicaAssignment(replicas=0, addingReplicas=, removingReplicas=), connect-offsets-2-17 -> ReplicaAssignment(replicas=0, addingReplicas=, removingReplicas=), connect-offsets-2-3 -> ReplicaAssignment(replicas=0, addingReplicas=, removingReplicas=), connect-offsets-2-18 -> ReplicaAssignment(replicas=0, addingReplicas=, removingReplicas=), connect-offsets-2-23 -> ReplicaAssignment(replicas=0, addingReplicas=, removingReplicas=), connect-offsets-2-9 -> ReplicaAssignment(replicas=0, addingReplicas=, removingReplicas=), connect-offsets-2-24 -> ReplicaAssignment(replicas=0, addingReplicas=, removingReplicas=), connect-offsets-2-15 -> ReplicaAssignment(replicas=0, addingReplicas=, removingReplicas=), connect-offsets-2-1 -> ReplicaAssignment(replicas=0, addingReplicas=, removingReplicas=), connect-offsets-2-16 -> ReplicaAssignment(replicas=0, addingReplicas=, removingReplicas=), connect-offsets-2-11 -> ReplicaAssignment(replicas=0, addingReplicas=, removingReplicas=), connect-offsets-2-7 -> ReplicaAssignment(replicas=0, addingReplicas=, removingReplicas=), connect-offsets-2-20 -> ReplicaAssignment(replicas=0, addingReplicas=, removingReplicas=), connect-offsets-2-21 -> ReplicaAssignment(replicas=0, addingReplicas=, removingReplicas=))] (kafka.controller.KafkaController)
[2021-02-14 21:35:41,951] INFO [Controller id=0] New partition creation callback for connect-offsets-2-8,connect-offsets-2-2,connect-offsets-2-12,connect-offsets-2-22,connect-offsets-2-13,connect-offsets-2-14,connect-offsets-2-4,connect-offsets-2-5,connect-offsets-2-0,connect-offsets-2-6,connect-offsets-2-19,connect-offsets-2-10,connect-offsets-2-17,connect-offsets-2-3,connect-offsets-2-18,connect-offsets-2-23,connect-offsets-2-9,connect-offsets-2-24,connect-offsets-2-15,connect-offsets-2-1,connect-offsets-2-16,connect-offsets-2-11,connect-offsets-2-7,connect-offsets-2-20,connect-offsets-2-21 (kafka.controller.KafkaController)
[2021-02-14 21:35:42,526] INFO [Controller id=0] New topics: [Set(connect-status-2)], deleted topics: [HashSet()], new partition replica assignment [HashMap(connect-status-2-0 -> ReplicaAssignment(replicas=0, addingReplicas=, removingReplicas=), connect-status-2-2 -> ReplicaAssignment(replicas=0, addingReplicas=, removingReplicas=), connect-status-2-3 -> ReplicaAssignment(replicas=0, addingReplicas=, removingReplicas=), connect-status-2-1 -> ReplicaAssignment(replicas=0, addingReplicas=, removingReplicas=), connect-status-2-4 -> ReplicaAssignment(replicas=0, addingReplicas=, removingReplicas=))] (kafka.controller.KafkaController)
[2021-02-14 21:35:42,526] INFO [Controller id=0] New partition creation callback for connect-status-2-0,connect-status-2-2,connect-status-2-3,connect-status-2-1,connect-status-2-4 (kafka.controller.KafkaController)
[2021-02-14 21:35:42,667] INFO [Controller id=0] New topics: [Set(connect-configs-2)], deleted topics: [HashSet()], new partition replica assignment [Map(connect-configs-2-0 -> ReplicaAssignment(replicas=0, addingReplicas=, removingReplicas=))] (kafka.controller.KafkaController)
[2021-02-14 21:35:42,667] INFO [Controller id=0] New partition creation callback for connect-configs-2-0 (kafka.controller.KafkaController)
[2021-02-14 21:35:42,739] INFO [Controller id=0] New topics: [Set(__consumer_offsets)], deleted topics: [HashSet()], new partition replica assignment [HashMap(__consumer_offsets-22 -> ReplicaAssignment(replicas=0, addingReplicas=, removingReplicas=), __consumer_offsets-30 -> ReplicaAssignment(replicas=0, addingReplicas=, removingReplicas=), __consumer_offsets-25 -> ReplicaAssignment(replicas=0, addingReplicas=, removingReplicas=), __consumer_offsets-35 -> ReplicaAssignment(replicas=0, addingReplicas=, removingReplicas=), __consumer_offsets-37 -> ReplicaAssignment(replicas=0, addingReplicas=, removingReplicas=), __consumer_offsets-38 -> ReplicaAssignment(replicas=0, addingReplicas=, removingReplicas=), __consumer_offsets-13 -> ReplicaAssignment(replicas=0, addingReplicas=, removingReplicas=), __consumer_offsets-8 -> ReplicaAssignment(replicas=0, addingReplicas=, removingReplicas=), __consumer_offsets-21 -> ReplicaAssignment(replicas=0, addingReplicas=, removingReplicas=), __consumer_offsets-4 -> ReplicaAssignment(replicas=0, addingReplicas=, removingReplicas=), __consumer_offsets-27 -> ReplicaAssignment(replicas=0, addingReplicas=, removingReplicas=), __consumer_offsets-7 -> ReplicaAssignment(replicas=0, addingReplicas=, removingReplicas=), __consumer_offsets-9 -> ReplicaAssignment(replicas=0, addingReplicas=, removingReplicas=), __consumer_offsets-46 -> ReplicaAssignment(replicas=0, addingReplicas=, removingReplicas=), __consumer_offsets-41 -> ReplicaAssignment(replicas=0, addingReplicas=, removingReplicas=), __consumer_offsets-33 -> ReplicaAssignment(replicas=0, addingReplicas=, removingReplicas=), __consumer_offsets-23 -> ReplicaAssignment(replicas=0, addingReplicas=, removingReplicas=), __consumer_offsets-49 -> ReplicaAssignment(replicas=0, addingReplicas=, removingReplicas=), __consumer_offsets-47 -> ReplicaAssignment(replicas=0, addingReplicas=, removingReplicas=), __consumer_offsets-16 -> ReplicaAssignment(replicas=0, addingReplicas=, removingReplicas=), __consumer_offsets-28 -> ReplicaAssignment(replicas=0, addingReplicas=, removingReplicas=), __consumer_offsets-31 -> ReplicaAssignment(replicas=0, addingReplicas=, removingReplicas=), __consumer_offsets-36 -> ReplicaAssignment(replicas=0, addingReplicas=, removingReplicas=), __consumer_offsets-42 -> ReplicaAssignment(replicas=0, addingReplicas=, removingReplicas=), __consumer_offsets-3 -> ReplicaAssignment(replicas=0, addingReplicas=, removingReplicas=), __consumer_offsets-18 -> ReplicaAssignment(replicas=0, addingReplicas=, removingReplicas=), __consumer_offsets-15 -> ReplicaAssignment(replicas=0, addingReplicas=, removingReplicas=), __consumer_offsets-24 -> ReplicaAssignment(replicas=0, addingReplicas=, removingReplicas=), __consumer_offsets-17 -> ReplicaAssignment(replicas=0, addingReplicas=, removingReplicas=), __consumer_offsets-48 -> ReplicaAssignment(replicas=0, addingReplicas=, removingReplicas=), __consumer_offsets-19 -> ReplicaAssignment(replicas=0, addingReplicas=, removingReplicas=), __consumer_offsets-11 -> ReplicaAssignment(replicas=0, addingReplicas=, removingReplicas=), __consumer_offsets-2 -> ReplicaAssignment(replicas=0, addingReplicas=, removingReplicas=), __consumer_offsets-43 -> ReplicaAssignment(replicas=0, addingReplicas=, removingReplicas=), __consumer_offsets-6 -> ReplicaAssignment(replicas=0, addingReplicas=, removingReplicas=), __consumer_offsets-14 -> ReplicaAssignment(replicas=0, addingReplicas=, removingReplicas=), __consumer_offsets-20 -> ReplicaAssignment(replicas=0, addingReplicas=, removingReplicas=), __consumer_offsets-0 -> ReplicaAssignment(replicas=0, addingReplicas=, removingReplicas=), __consumer_offsets-44 -> ReplicaAssignment(replicas=0, addingReplicas=, removingReplicas=), __consumer_offsets-39 -> ReplicaAssignment(replicas=0, addingReplicas=, removingReplicas=), __consumer_offsets-12 -> ReplicaAssignment(replicas=0, addingReplicas=, removingReplicas=), __consumer_offsets-45 -> ReplicaAssignment(replicas=0, addingReplicas=, removingReplicas=), __consumer_offsets-1 -> ReplicaAssignment(replicas=0, addingReplicas=, removingReplicas=), __consumer_offsets-5 -> ReplicaAssignment(replicas=0, addingReplicas=, removingReplicas=), __consumer_offsets-26 -> ReplicaAssignment(replicas=0, addingReplicas=, removingReplicas=), __consumer_offsets-29 -> ReplicaAssignment(replicas=0, addingReplicas=, removingReplicas=), __consumer_offsets-34 -> ReplicaAssignment(replicas=0, addingReplicas=, removingReplicas=), __consumer_offsets-10 -> ReplicaAssignment(replicas=0, addingReplicas=, removingReplicas=), __consumer_offsets-32 -> ReplicaAssignment(replicas=0, addingReplicas=, removingReplicas=), __consumer_offsets-40 -> ReplicaAssignment(replicas=0, addingReplicas=, removingReplicas=))] (kafka.controller.KafkaController)
[2021-02-14 21:35:42,739] INFO [Controller id=0] New partition creation callback for __consumer_offsets-22,__consumer_offsets-30,__consumer_offsets-25,__consumer_offsets-35,__consumer_offsets-37,__consumer_offsets-38,__consumer_offsets-13,__consumer_offsets-8,__consumer_offsets-21,__consumer_offsets-4,__consumer_offsets-27,__consumer_offsets-7,__consumer_offsets-9,__consumer_offsets-46,__consumer_offsets-41,__consumer_offsets-33,__consumer_offsets-23,__consumer_offsets-49,__consumer_offsets-47,__consumer_offsets-16,__consumer_offsets-28,__consumer_offsets-31,__consumer_offsets-36,__consumer_offsets-42,__consumer_offsets-3,__consumer_offsets-18,__consumer_offsets-15,__consumer_offsets-24,__consumer_offsets-17,__consumer_offsets-48,__consumer_offsets-19,__consumer_offsets-11,__consumer_offsets-2,__consumer_offsets-43,__consumer_offsets-6,__consumer_offsets-14,__consumer_offsets-20,__consumer_offsets-0,__consumer_offsets-44,__consumer_offsets-39,__consumer_offsets-12,__consumer_offsets-45,__consumer_offsets-1,__consumer_offsets-5,__consumer_offsets-26,__consumer_offsets-29,__consumer_offsets-34,__consumer_offsets-10,__consumer_offsets-32,__consumer_offsets-40 (kafka.controller.KafkaController)
[2021-02-14 21:36:06,154] INFO [Controller id=0] New topics: [HashSet(twitter.raw)], deleted topics: [HashSet()], new partition replica assignment [Map(twitter.raw-0 -> ReplicaAssignment(replicas=0, addingReplicas=, removingReplicas=))] (kafka.controller.KafkaController)
[2021-02-14 21:36:06,155] INFO [Controller id=0] New partition creation callback for twitter.raw-0 (kafka.controller.KafkaController)
